<?xml version="1.0" encoding="UTF-8"?>
<!-- Generated by org.testng.reporters.JUnitReportReporter -->
<testsuite hostname="DESKTOP-AHJ7FPI" failures="0" tests="5" name="intervue.test.Login" time="16.720" errors="0" timestamp="2025-04-09T19:21:23 IST" skipped="0">
  <testcase classname="intervue.test.Login" name="loginCredtials" time="10.729"/>
  <testcase classname="intervue.test.Login" name="search" time="0.810"/>
  <testcase classname="intervue.test.Login" name="homepageLogin" time="0.485"/>
  <testcase classname="intervue.test.Login" name="logout" time="0.749"/>
  <testcase classname="intervue.test.Login" name="companyLogin" time="3.947"/>
</testsuite> <!-- intervue.test.Login -->
